2021-11-12 19:48:40:792 grammar LogManager.java:25 before: (COMBINED_GRAMMAR Pascal (RULES (RULE program (BLOCK (ALT (? (BLOCK (ALT infoPart))) (? (BLOCK (ALT variableDeclarationPart))) block DOT))) (RULE infoPart (BLOCK (ALT 'program' (+ (BLOCK (ALT .))) SEMI))) (RULE variableDeclarationPart (BLOCK (ALT 'var' variableDeclaration (* (BLOCK (ALT SEMI variableDeclaration))) SEMI))) (RULE variableDeclaration (BLOCK (ALT identifierList COLON varType))) (RULE identifierList (BLOCK (ALT ID (* (BLOCK (ALT COMMA ID)))))) (RULE varType (BLOCK (ALT (BLOCK (ALT 'integer') (ALT 'int64') (ALT 'real') (ALT 'string'))))) (RULE block (BLOCK (ALT 'begin' statements (? (BLOCK (ALT SEMI))) 'end'))) (RULE statements (BLOCK (ALT statement (* (BLOCK (ALT SEMI statement)))))) (RULE statement (BLOCK (ALT writelnReadln) (ALT readln) (ALT writeln) (ALT block) (ALT assignmentStatement))) (RULE writelnReadln (BLOCK (ALT 'writeln' LPAREN CONST_STR RPAREN SEMI 'readln' LPAREN ID RPAREN))) (RULE readln (BLOCK (ALT 'readln' LPAREN identifierList RPAREN))) (RULE writeln (BLOCK (ALT 'writeln' LPAREN expressions RPAREN))) (RULE assignmentStatement (BLOCK (ALT ID ASSIGN expression))) (RULE expressions (BLOCK (ALT expression (* (BLOCK (ALT COMMA expression)))))) (RULE expression (BLOCK (ALT (BLOCK (ALT LPAREN expression RPAREN) (ALT CONST_INT) (ALT CONST_STR) (ALT ID)) (* (BLOCK (ALT operators expression)))))) (RULE operators (BLOCK (ALT DIV) (ALT MOD) (ALT PLUS) (ALT MINUS) (ALT MUL) (ALT SLASH))) (RULE blockBody (BLOCK (ALT statement))) (RULE SEMI (BLOCK (ALT ';'))) (RULE COLON (BLOCK (ALT ':'))) (RULE COMMA (BLOCK (ALT ','))) (RULE DOT (BLOCK (ALT '.'))) (RULE LPAREN (BLOCK (ALT '('))) (RULE RPAREN (BLOCK (ALT ')'))) (RULE ASSIGN (BLOCK (ALT ':='))) (RULE PLUS (BLOCK (ALT '+'))) (RULE MINUS (BLOCK (ALT '-'))) (RULE MUL (BLOCK (ALT '*'))) (RULE SLASH (BLOCK (ALT '/'))) (RULE DIV (BLOCK (ALT '//'))) (RULE MOD (BLOCK (ALT '%'))) (RULE ID (BLOCK (ALT [a-zA-Z] (* (BLOCK (ALT [a-zA-Z0-9_])))))) (RULE CONST_INT (BLOCK (ALT (+ (BLOCK (ALT [0-9])))))) (RULE CONST_STR (BLOCK (ALT '\'' (* (BLOCK (ALT '\'\'') (ALT (~ (SET '\''))))) '\''))) (RULE WS (BLOCK (LEXER_ALT_ACTION (ALT (+ (BLOCK (ALT [ \t\r\n])))) skip))) (RULE COMMENT1 (BLOCK (LEXER_ALT_ACTION (ALT '(*' (* (BLOCK (ALT .))) '*)') skip))) (RULE COMMENT2 (BLOCK (LEXER_ALT_ACTION (ALT '{' (* (BLOCK (ALT .))) '}') skip)))))
2021-11-12 19:48:40:808 grammar LogManager.java:25 after: (COMBINED_GRAMMAR Pascal (RULES (RULE program (BLOCK (ALT (? (BLOCK (ALT infoPart))) (? (BLOCK (ALT variableDeclarationPart))) block DOT))) (RULE infoPart (BLOCK (ALT 'program' (+ (BLOCK (ALT .))) SEMI))) (RULE variableDeclarationPart (BLOCK (ALT 'var' variableDeclaration (* (BLOCK (ALT SEMI variableDeclaration))) SEMI))) (RULE variableDeclaration (BLOCK (ALT identifierList COLON varType))) (RULE identifierList (BLOCK (ALT ID (* (BLOCK (ALT COMMA ID)))))) (RULE varType (BLOCK (ALT (SET 'integer' 'int64' 'real' 'string')))) (RULE block (BLOCK (ALT 'begin' statements (? (BLOCK (ALT SEMI))) 'end'))) (RULE statements (BLOCK (ALT statement (* (BLOCK (ALT SEMI statement)))))) (RULE statement (BLOCK (ALT writelnReadln) (ALT readln) (ALT writeln) (ALT block) (ALT assignmentStatement))) (RULE writelnReadln (BLOCK (ALT 'writeln' LPAREN CONST_STR RPAREN SEMI 'readln' LPAREN ID RPAREN))) (RULE readln (BLOCK (ALT 'readln' LPAREN identifierList RPAREN))) (RULE writeln (BLOCK (ALT 'writeln' LPAREN expressions RPAREN))) (RULE assignmentStatement (BLOCK (ALT ID ASSIGN expression))) (RULE expressions (BLOCK (ALT expression (* (BLOCK (ALT COMMA expression)))))) (RULE expression (BLOCK (ALT (BLOCK (ALT LPAREN expression RPAREN) (ALT CONST_INT) (ALT CONST_STR) (ALT ID)) (* (BLOCK (ALT operators expression)))))) (RULE operators (BLOCK (ALT (SET DIV MOD PLUS MINUS MUL SLASH)))) (RULE blockBody (BLOCK (ALT statement))) (RULE SEMI (BLOCK (ALT ';'))) (RULE COLON (BLOCK (ALT ':'))) (RULE COMMA (BLOCK (ALT ','))) (RULE DOT (BLOCK (ALT '.'))) (RULE LPAREN (BLOCK (ALT '('))) (RULE RPAREN (BLOCK (ALT ')'))) (RULE ASSIGN (BLOCK (ALT ':='))) (RULE PLUS (BLOCK (ALT '+'))) (RULE MINUS (BLOCK (ALT '-'))) (RULE MUL (BLOCK (ALT '*'))) (RULE SLASH (BLOCK (ALT '/'))) (RULE DIV (BLOCK (ALT '//'))) (RULE MOD (BLOCK (ALT '%'))) (RULE ID (BLOCK (ALT [a-zA-Z] (* (BLOCK (ALT [a-zA-Z0-9_])))))) (RULE CONST_INT (BLOCK (ALT (+ (BLOCK (ALT [0-9])))))) (RULE CONST_STR (BLOCK (ALT '\'' (* (BLOCK (ALT '\'\'') (ALT (~ (SET '\''))))) '\''))) (RULE WS (BLOCK (LEXER_ALT_ACTION (ALT (+ (BLOCK (ALT [ \t\r\n])))) skip))) (RULE COMMENT1 (BLOCK (LEXER_ALT_ACTION (ALT '(*' (* (BLOCK (ALT .))) '*)') skip))) (RULE COMMENT2 (BLOCK (LEXER_ALT_ACTION (ALT '{' (* (BLOCK (ALT .))) '}') skip)))))
2021-11-12 19:48:40:824 grammar LogManager.java:25 after extract implicit lexer =(COMBINED_GRAMMAR Pascal (RULES (RULE program (BLOCK (ALT (? (BLOCK (ALT infoPart))) (? (BLOCK (ALT variableDeclarationPart))) block DOT))) (RULE infoPart (BLOCK (ALT 'program' (+ (BLOCK (ALT .))) SEMI))) (RULE variableDeclarationPart (BLOCK (ALT 'var' variableDeclaration (* (BLOCK (ALT SEMI variableDeclaration))) SEMI))) (RULE variableDeclaration (BLOCK (ALT identifierList COLON varType))) (RULE identifierList (BLOCK (ALT ID (* (BLOCK (ALT COMMA ID)))))) (RULE varType (BLOCK (ALT (SET 'integer' 'int64' 'real' 'string')))) (RULE block (BLOCK (ALT 'begin' statements (? (BLOCK (ALT SEMI))) 'end'))) (RULE statements (BLOCK (ALT statement (* (BLOCK (ALT SEMI statement)))))) (RULE statement (BLOCK (ALT writelnReadln) (ALT readln) (ALT writeln) (ALT block) (ALT assignmentStatement))) (RULE writelnReadln (BLOCK (ALT 'writeln' LPAREN CONST_STR RPAREN SEMI 'readln' LPAREN ID RPAREN))) (RULE readln (BLOCK (ALT 'readln' LPAREN identifierList RPAREN))) (RULE writeln (BLOCK (ALT 'writeln' LPAREN expressions RPAREN))) (RULE assignmentStatement (BLOCK (ALT ID ASSIGN expression))) (RULE expressions (BLOCK (ALT expression (* (BLOCK (ALT COMMA expression)))))) (RULE expression (BLOCK (ALT (BLOCK (ALT LPAREN expression RPAREN) (ALT CONST_INT) (ALT CONST_STR) (ALT ID)) (* (BLOCK (ALT operators expression)))))) (RULE operators (BLOCK (ALT (SET DIV MOD PLUS MINUS MUL SLASH)))) (RULE blockBody (BLOCK (ALT statement)))))
2021-11-12 19:48:40:824 grammar LogManager.java:25 lexer =(LEXER_GRAMMAR PascalLexer (RULES (RULE T__0 (BLOCK (ALT 'program'))) (RULE T__1 (BLOCK (ALT 'var'))) (RULE T__2 (BLOCK (ALT 'integer'))) (RULE T__3 (BLOCK (ALT 'int64'))) (RULE T__4 (BLOCK (ALT 'real'))) (RULE T__5 (BLOCK (ALT 'string'))) (RULE T__6 (BLOCK (ALT 'begin'))) (RULE T__7 (BLOCK (ALT 'end'))) (RULE T__8 (BLOCK (ALT 'writeln'))) (RULE T__9 (BLOCK (ALT 'readln'))) (RULE SEMI (BLOCK (ALT ';'))) (RULE COLON (BLOCK (ALT ':'))) (RULE COMMA (BLOCK (ALT ','))) (RULE DOT (BLOCK (ALT '.'))) (RULE LPAREN (BLOCK (ALT '('))) (RULE RPAREN (BLOCK (ALT ')'))) (RULE ASSIGN (BLOCK (ALT ':='))) (RULE PLUS (BLOCK (ALT '+'))) (RULE MINUS (BLOCK (ALT '-'))) (RULE MUL (BLOCK (ALT '*'))) (RULE SLASH (BLOCK (ALT '/'))) (RULE DIV (BLOCK (ALT '//'))) (RULE MOD (BLOCK (ALT '%'))) (RULE ID (BLOCK (ALT [a-zA-Z] (* (BLOCK (ALT [a-zA-Z0-9_])))))) (RULE CONST_INT (BLOCK (ALT (+ (BLOCK (ALT [0-9])))))) (RULE CONST_STR (BLOCK (ALT '\'' (* (BLOCK (ALT '\'\'') (ALT (~ (SET '\''))))) '\''))) (RULE WS (BLOCK (LEXER_ALT_ACTION (ALT (+ (BLOCK (ALT [ \t\r\n])))) skip))) (RULE COMMENT1 (BLOCK (LEXER_ALT_ACTION (ALT '(*' (* (BLOCK (ALT .))) '*)') skip))) (RULE COMMENT2 (BLOCK (LEXER_ALT_ACTION (ALT '{' (* (BLOCK (ALT .))) '}') skip)))))
2021-11-12 19:48:40:977 semantics LogManager.java:25 tokens={EOF=-1, T__0=1, T__1=2, T__2=3, T__3=4, T__4=5, T__5=6, T__6=7, T__7=8, T__8=9, T__9=10, SEMI=11, COLON=12, COMMA=13, DOT=14, LPAREN=15, RPAREN=16, ASSIGN=17, PLUS=18, MINUS=19, MUL=20, SLASH=21, DIV=22, MOD=23, ID=24, CONST_INT=25, CONST_STR=26, WS=27, COMMENT1=28, COMMENT2=29}
2021-11-12 19:48:40:977 semantics LogManager.java:25 strings={'program'=1, 'var'=2, 'integer'=3, 'int64'=4, 'real'=5, 'string'=6, 'begin'=7, 'end'=8, 'writeln'=9, 'readln'=10, ';'=11, ':'=12, ','=13, '.'=14, '('=15, ')'=16, ':='=17, '+'=18, '-'=19, '*'=20, '/'=21, '//'=22, '%'=23}
2021-11-12 19:48:40:977 LL1 LogManager.java:25 
DECISION 0 in rule program
2021-11-12 19:48:40:977 LL1 LogManager.java:25 look=[1, {2, 7}]
2021-11-12 19:48:40:977 LL1 LogManager.java:25 LL(1)? true
2021-11-12 19:48:40:977 LL1 LogManager.java:25 
DECISION 1 in rule program
2021-11-12 19:48:40:977 LL1 LogManager.java:25 look=[2, 7]
2021-11-12 19:48:40:977 LL1 LogManager.java:25 LL(1)? true
2021-11-12 19:48:40:977 LL1 LogManager.java:25 
DECISION 2 in rule infoPart
2021-11-12 19:48:40:977 LL1 LogManager.java:25 LL(1)? false
2021-11-12 19:48:40:977 LL1 LogManager.java:25 
DECISION 3 in rule variableDeclarationPart
2021-11-12 19:48:40:977 LL1 LogManager.java:25 look=[11, 11]
2021-11-12 19:48:40:977 LL1 LogManager.java:25 LL(1)? false
2021-11-12 19:48:40:977 LL1 LogManager.java:25 
DECISION 4 in rule identifierList
2021-11-12 19:48:40:977 LL1 LogManager.java:25 look=[13, {12, 16}]
2021-11-12 19:48:40:977 LL1 LogManager.java:25 LL(1)? true
2021-11-12 19:48:40:977 LL1 LogManager.java:25 
DECISION 5 in rule block
2021-11-12 19:48:40:977 LL1 LogManager.java:25 look=[11, 8]
2021-11-12 19:48:40:977 LL1 LogManager.java:25 LL(1)? true
2021-11-12 19:48:40:977 LL1 LogManager.java:25 
DECISION 6 in rule statements
2021-11-12 19:48:40:977 LL1 LogManager.java:25 look=[11, {8, 11}]
2021-11-12 19:48:40:977 LL1 LogManager.java:25 LL(1)? false
2021-11-12 19:48:40:977 LL1 LogManager.java:25 
DECISION 7 in rule statement
2021-11-12 19:48:40:977 LL1 LogManager.java:25 look=[9, 10, 9, 7, 24]
2021-11-12 19:48:40:977 LL1 LogManager.java:25 LL(1)? false
2021-11-12 19:48:40:977 LL1 LogManager.java:25 
DECISION 8 in rule expressions
2021-11-12 19:48:40:977 LL1 LogManager.java:25 look=[13, 16]
2021-11-12 19:48:40:977 LL1 LogManager.java:25 LL(1)? true
2021-11-12 19:48:40:977 LL1 LogManager.java:25 
DECISION 9 in rule expression
2021-11-12 19:48:40:977 LL1 LogManager.java:25 look=[15, 25, 26, 24]
2021-11-12 19:48:40:977 LL1 LogManager.java:25 LL(1)? true
2021-11-12 19:48:40:993 LL1 LogManager.java:25 
DECISION 10 in rule expression
2021-11-12 19:48:40:993 LL1 LogManager.java:25 look=[{18..23}, {<EOF>, 8, 11, 13, 16, 18..23}]
2021-11-12 19:48:40:993 LL1 LogManager.java:25 LL(1)? false
